
=== Sun Jun 19 21:46:39 2022

Packages were changed.
Update Mode: updateDependencies

The following packages were updated:
  com.unity.2d.animation from version 5.0.5 to 5.0.6
  com.unity.2d.psdimporter from version 4.0.2 to 4.1.0
  com.unity.2d.spriteshape from version 5.1.2 to 5.1.3
  com.unity.ide.visualstudio from version 2.0.8 to 2.0.9
  com.unity.test-framework from version 1.1.24 to 1.1.27

=== Sun Jun 26 23:21:22 2022

Packages were changed.
Update Mode: updateDependencies

The following packages were updated:
  com.unity.2d.animation from version 5.0.6 to 5.0.9
  com.unity.2d.psdimporter from version 4.1.0 to 4.1.2
  com.unity.2d.spriteshape from version 5.1.3 to 5.1.5
  com.unity.collab-proxy from version 1.5.7 to 1.13.5
  com.unity.ide.visualstudio from version 2.0.9 to 2.0.11
  com.unity.ide.vscode from version 1.2.3 to 1.2.4
  com.unity.test-framework from version 1.1.27 to 1.1.29
